# JRE version: OpenJDK Runtime Environment (21.0.6) (build 21.0.6+-13368085-b895.109)
# Java VM: OpenJDK 64-Bit Server VM (21.0.6+-13368085-b895.109, mixed mode, tiered, compressed oops, compressed class ptrs, g1 gc, windows-amd64)
GC Precious Log:
 CardTable entry size: 512
 Card Set container configuration: InlinePtr #cards 5 size 8 Array Of Cards #cards 12 size 40 Howl #buckets 4 coarsen threshold 1843 Howl Bitmap #cards 512 size 80 coarsen threshold 460 Card regions per heap region 1 cards per card region 2048
 CPUs: 12 total, 12 available
 Memory: 7520M
 Large Page Support: Disabled
 NUMA Support: Disabled
 Compressed Oops: Enabled (32-bit)
 Heap Region Size: 1M
 Heap Min Capacity: 8M
 Heap Initial Capacity: 118M
 Heap Max Capacity: 2G
 Pre-touch: Disabled
 Parallel Workers: 10
 Concurrent Workers: 3
 Concurrent Refinement Workers: 10
 Periodic GC: Disabled
Heap:
 garbage-first heap   total 309248K, used 220292K [0x0000000080000000, 0x0000000100000000)
  region size 1024K, 25 young (25600K), 6 survivors (6144K)
 Metaspace       used 148891K, committed 151488K, reserved 622592K
  class space    used 19758K, committed 21056K, reserved 425984K
GC Heap History (20 events):
Event: 23.724 GC heap before
{Heap before GC invocations=56 (full 0):
 garbage-first heap   total 220160K, used 197419K [0x0000000080000000, 0x0000000100000000)
  region size 1024K, 62 young (63488K), 9 survivors (9216K)
 Metaspace       used 130678K, committed 133120K, reserved 557056K
  class space    used 17591K, committed 18816K, reserved 425984K
}
Event: 23.730 GC heap after
{Heap after GC invocations=57 (full 0):
 garbage-first heap   total 220160K, used 148020K [0x0000000080000000, 0x0000000100000000)
  region size 1024K, 4 young (4096K), 4 survivors (4096K)
 Metaspace       used 130678K, committed 133120K, reserved 557056K
  class space    used 17591K, committed 18816K, reserved 425984K
}
Event: 23.941 GC heap before
{Heap before GC invocations=58 (full 0):
 garbage-first heap   total 247808K, used 201268K [0x0000000080000000, 0x0000000100000000)
  region size 1024K, 57 young (58368K), 4 survivors (4096K)
 Metaspace       used 130678K, committed 133120K, reserved 557056K
  class space    used 17591K, committed 18816K, reserved 425984K
}
Event: 23.945 GC heap after
{Heap after GC invocations=59 (full 0):
 garbage-first heap   total 247808K, used 148654K [0x0000000080000000, 0x0000000100000000)
  region size 1024K, 5 young (5120K), 5 survivors (5120K)
 Metaspace       used 130678K, committed 133120K, reserved 557056K
  class space    used 17591K, committed 18816K, reserved 425984K
}
Event: 24.785 GC heap before
{Heap before GC invocations=59 (full 0):
 garbage-first heap   total 247808K, used 221358K [0x0000000080000000, 0x0000000100000000)
  region size 1024K, 73 young (74752K), 5 survivors (5120K)
 Metaspace       used 131308K, committed 133888K, reserved 557056K
  class space    used 17669K, committed 18944K, reserved 425984K
}
Event: 24.794 GC heap after
{Heap after GC invocations=60 (full 0):
 garbage-first heap   total 247808K, used 159671K [0x0000000080000000, 0x0000000100000000)
  region size 1024K, 10 young (10240K), 10 survivors (10240K)
 Metaspace       used 131308K, committed 133888K, reserved 557056K
  class space    used 17669K, committed 18944K, reserved 425984K
}
Event: 24.964 GC heap before
{Heap before GC invocations=60 (full 0):
 garbage-first heap   total 247808K, used 222135K [0x0000000080000000, 0x0000000100000000)
  region size 1024K, 72 young (73728K), 10 survivors (10240K)
 Metaspace       used 131311K, committed 133888K, reserved 557056K
  class space    used 17669K, committed 18944K, reserved 425984K
}
Event: 24.971 GC heap after
{Heap after GC invocations=61 (full 0):
 garbage-first heap   total 247808K, used 164267K [0x0000000080000000, 0x0000000100000000)
  region size 1024K, 5 young (5120K), 5 survivors (5120K)
 Metaspace       used 131311K, committed 133888K, reserved 557056K
  class space    used 17669K, committed 18944K, reserved 425984K
}
Event: 25.411 GC heap before
{Heap before GC invocations=62 (full 0):
 garbage-first heap   total 276480K, used 226731K [0x0000000080000000, 0x0000000100000000)
  region size 1024K, 65 young (66560K), 5 survivors (5120K)
 Metaspace       used 131560K, committed 134080K, reserved 557056K
  class space    used 17700K, committed 18944K, reserved 425984K
}
Event: 25.417 GC heap after
{Heap after GC invocations=63 (full 0):
 garbage-first heap   total 276480K, used 172696K [0x0000000080000000, 0x0000000100000000)
  region size 1024K, 9 young (9216K), 9 survivors (9216K)
 Metaspace       used 131560K, committed 134080K, reserved 557056K
  class space    used 17700K, committed 18944K, reserved 425984K
}
Event: 26.411 GC heap before
{Heap before GC invocations=63 (full 0):
 garbage-first heap   total 276480K, used 249496K [0x0000000080000000, 0x0000000100000000)
  region size 1024K, 85 young (87040K), 9 survivors (9216K)
 Metaspace       used 137616K, committed 140160K, reserved 557056K
  class space    used 18532K, committed 19776K, reserved 425984K
}
Event: 26.421 GC heap after
{Heap after GC invocations=64 (full 0):
 garbage-first heap   total 276480K, used 177705K [0x0000000080000000, 0x0000000100000000)
  region size 1024K, 6 young (6144K), 6 survivors (6144K)
 Metaspace       used 137616K, committed 140160K, reserved 557056K
  class space    used 18532K, committed 19776K, reserved 425984K
}
Event: 27.252 GC heap before
{Heap before GC invocations=64 (full 0):
 garbage-first heap   total 276480K, used 251433K [0x0000000080000000, 0x0000000100000000)
  region size 1024K, 78 young (79872K), 6 survivors (6144K)
 Metaspace       used 140159K, committed 142656K, reserved 557056K
  class space    used 18828K, committed 20096K, reserved 425984K
}
Event: 27.259 GC heap after
{Heap after GC invocations=65 (full 0):
 garbage-first heap   total 276480K, used 184986K [0x0000000080000000, 0x0000000100000000)
  region size 1024K, 10 young (10240K), 10 survivors (10240K)
 Metaspace       used 140159K, committed 142656K, reserved 557056K
  class space    used 18828K, committed 20096K, reserved 425984K
}
Event: 126.920 GC heap before
{Heap before GC invocations=66 (full 0):
 garbage-first heap   total 309248K, used 248474K [0x0000000080000000, 0x0000000100000000)
  region size 1024K, 73 young (74752K), 10 survivors (10240K)
 Metaspace       used 147323K, committed 149888K, reserved 557056K
  class space    used 19673K, committed 20928K, reserved 425984K
}
Event: 126.975 GC heap after
{Heap after GC invocations=67 (full 0):
 garbage-first heap   total 309248K, used 195638K [0x0000000080000000, 0x0000000100000000)
  region size 1024K, 10 young (10240K), 10 survivors (10240K)
 Metaspace       used 147323K, committed 149888K, reserved 557056K
  class space    used 19673K, committed 20928K, reserved 425984K
}
Event: 128.683 GC heap before
{Heap before GC invocations=67 (full 0):
 garbage-first heap   total 309248K, used 283702K [0x0000000080000000, 0x0000000100000000)
  region size 1024K, 92 young (94208K), 10 survivors (10240K)
 Metaspace       used 148832K, committed 151424K, reserved 557056K
  class space    used 19756K, committed 21056K, reserved 425984K
}
Event: 128.706 GC heap after
{Heap after GC invocations=68 (full 0):
 garbage-first heap   total 309248K, used 199939K [0x0000000080000000, 0x0000000100000000)
  region size 1024K, 7 young (7168K), 7 survivors (7168K)
 Metaspace       used 148832K, committed 151424K, reserved 557056K
  class space    used 19756K, committed 21056K, reserved 425984K
}
Event: 129.316 GC heap before
{Heap before GC invocations=68 (full 0):
 garbage-first heap   total 309248K, used 281859K [0x0000000080000000, 0x0000000100000000)
  region size 1024K, 88 young (90112K), 7 survivors (7168K)
 Metaspace       used 148834K, committed 151424K, reserved 557056K
  class space    used 19756K, committed 21056K, reserved 425984K
}
Event: 129.332 GC heap after
{Heap after GC invocations=69 (full 0):
 garbage-first heap   total 309248K, used 202884K [0x0000000080000000, 0x0000000100000000)
  region size 1024K, 6 young (6144K), 6 survivors (6144K)
 Metaspace       used 148834K, committed 151424K, reserved 557056K
  class space    used 19756K, committed 21056K, reserved 425984K
}

